<?xml version="1.0" encoding="UTF-8"?>
<!-- Generated by org.testng.reporters.JUnitXMLReporter -->
<testsuite hostname="Syeds-MBP" ignored="0" name="Test" tests="9" failures="2" timestamp="16 Mar 2019 02:49:39 GMT" time="88.07" errors="0">
  <testcase name="validateSearchBox" time="0.573" classname="testcases.ValidateSearchBox"/>
  <testcase name="validateSaveThisSearch" time="8.029" classname="testcases.ValidateSaveThisSearchAndSaveButton"/>
  <testcase name="validateSearchButton" time="0.075" classname="testcases.ValidateSearchButton"/>
  <testcase name="validateSaveSearch" time="4.618" classname="testcases.ValidateSavedSearch"/>
  <testcase name="validateSearchFunctionality" time="6.49" classname="testcases.ValidateSearching"/>
  <testcase name="validateItemsDropDownVsItemList" time="0.002" classname="testcases.ValidateItemsDropDownVsItemList">
    <failure type="java.lang.NullPointerException">
      <![CDATA[java.lang.NullPointerException
at org.openqa.selenium.support.pagefactory.DefaultElementLocator.findElements(DefaultElementLocator.java:85)
at org.openqa.selenium.support.pagefactory.internal.LocatingElementListHandler.invoke(LocatingElementListHandler.java:36)
at com.sun.proxy.$Proxy13.iterator(Unknown Source)
at testcases.ItemCategoryDropDown.getItemCategoryDropDown(ItemCategoryDropDown.java:20)
at testcases.ValidateItemsDropDownVsItemList.validateItemsDropDownVsItemList(ValidateItemsDropDownVsItemList.java:13)
... Removed 25 stack frames]]>
    </failure>
  </testcase> <!-- validateItemsDropDownVsItemList -->
  <testcase name="validateCartButton" time="1.434" classname="testcases.ValidateCartButton"/>
  <testcase name="validateItemsCatDdlvsListFile" time="0.006" classname="testcases.ValidateItemCatDdLvsFile">
    <failure type="java.lang.NullPointerException">
      <![CDATA[java.lang.NullPointerException
at org.openqa.selenium.support.pagefactory.DefaultElementLocator.findElements(DefaultElementLocator.java:85)
at org.openqa.selenium.support.pagefactory.internal.LocatingElementListHandler.invoke(LocatingElementListHandler.java:36)
at com.sun.proxy.$Proxy13.iterator(Unknown Source)
at testcases.ItemCategoryDropDown.getItemCategoryDropDown(ItemCategoryDropDown.java:20)
at testcases.ValidateItemCatDdLvsFile.validateItemsCatDdlvsListFile(ValidateItemCatDdLvsFile.java:17)
... Removed 25 stack frames]]>
    </failure>
  </testcase> <!-- validateItemsCatDdlvsListFile -->
  <testcase name="validateCartPage" time="1.84" classname="testcases.ValidateCartPage"/>
</testsuite> <!-- Test -->
